==========================================
     Building Exim Local Signer
==========================================
JAVA_HOME is not set. Setting it to C:\Program Files\Java\jdk-25.0.2
Found Maven Daemon at: "C:\Program Files\Maven\bin\mvnd.cmd"
Feb 05, 2026 12:37:13 PM org.jline.utils.Log logr
WARNING: Unable to create a system terminal, creating a dumb terminal (enable debug logging for more information)
[main] WARNING org.jline - Unable to create a system terminal, creating a dumb terminal (enable debug logging for more information)
[INFO] Error stacktraces are turned on.
[INFO] Processing build on daemon a22b4518
[INFO] Scanning for projects...
[INFO] BuildTimeEventSpy is registered.
[INFO] 
[INFO] Using the SmartBuilder implementation with a thread count of 5
[INFO] 
[INFO] -----------------------< com.exim:local-signer >------------------------
[INFO] Building local-signer 1.0-SNAPSHOT
[INFO]   from pom.xml
[INFO] --------------------------------[ jar ]---------------------------------
[INFO] 
[INFO] --- clean:3.2.0:clean (default-clean) @ local-signer ---
[INFO] Deleting C:\Users\india\Desktop\Projects\Exim-Export\local-signer\target
[INFO] ------------------------------------------------------------------------
[INFO] BUILD FAILURE
[INFO] ------------------------------------------------------------------------
[INFO] Total time:  1.117 s (Wall Clock)
[INFO] Finished at: 2026-02-05T12:37:15+05:30
[INFO] ------------------------------------------------------------------------
[ERROR] Failed to execute goal org.apache.maven.plugins:maven-clean-plugin:3.2.0:clean (default-clean) on project local-signer: Failed to clean project: Failed to delete C:\Users\india\Desktop\Projects\Exim-Export\local-signer\target\local-signer-1.0-SNAPSHOT.jar -> [Help 1]
org.apache.maven.lifecycle.LifecycleExecutionException: Failed to execute goal org.apache.maven.plugins:maven-clean-plugin:3.2.0:clean (default-clean) on project local-signer: Failed to clean project: Failed to delete C:\Users\india\Desktop\Projects\Exim-Export\local-signer\target\local-signer-1.0-SNAPSHOT.jar
    at org.apache.maven.lifecycle.internal.MojoExecutor.doExecute2 (MojoExecutor.java:333)
    at org.apache.maven.lifecycle.internal.MojoExecutor.doExecute (MojoExecutor.java:316)
    at org.apache.maven.lifecycle.internal.MojoExecutor.execute (MojoExecutor.java:212)
    at org.apache.maven.lifecycle.internal.MojoExecutor.execute (MojoExecutor.java:174)
    at org.apache.maven.lifecycle.internal.MojoExecutor.access$000 (MojoExecutor.java:75)
    at org.apache.maven.lifecycle.internal.MojoExecutor$1.run (MojoExecutor.java:162)
    at org.apache.maven.plugin.DefaultMojosExecutionStrategy.execute (DefaultMojosExecutionStrategy.java:39)
    at org.apache.maven.lifecycle.internal.MojoExecutor.execute (MojoExecutor.java:159)
    at org.apache.maven.lifecycle.internal.LifecycleModuleBuilder.buildProject (LifecycleModuleBuilder.java:105)
    at io.takari.maven.builder.smart.SmartBuilderImpl.buildProject (SmartBuilderImpl.java:206)
    at io.takari.maven.builder.smart.SmartBuilderImpl$ProjectBuildTask.run (SmartBuilderImpl.java:71)
    at java.util.concurrent.Executors$RunnableAdapter.call (Executors.java:545)
    at java.util.concurrent.FutureTask.run (FutureTask.java:328)
    at java.util.concurrent.ThreadPoolExecutor.runWorker (ThreadPoolExecutor.java:1090)
    at java.util.concurrent.ThreadPoolExecutor$Worker.run (ThreadPoolExecutor.java:614)
    at java.lang.Thread.run (Thread.java:1474)
Caused by: org.apache.maven.plugin.MojoExecutionException: Failed to clean project: Failed to delete C:\Users\india\Desktop\Projects\Exim-Export\local-signer\target\local-signer-1.0-SNAPSHOT.jar
    at org.apache.maven.plugins.clean.CleanMojo.execute (CleanMojo.java:288)
    at org.apache.maven.plugin.DefaultBuildPluginManager.executeMojo (DefaultBuildPluginManager.java:126)
    at org.apache.maven.lifecycle.internal.MojoExecutor.doExecute2 (MojoExecutor.java:328)
    at org.apache.maven.lifecycle.internal.MojoExecutor.doExecute (MojoExecutor.java:316)
    at org.apache.maven.lifecycle.internal.MojoExecutor.execute (MojoExecutor.java:212)
    at org.apache.maven.lifecycle.internal.MojoExecutor.execute (MojoExecutor.java:174)
    at org.apache.maven.lifecycle.internal.MojoExecutor.access$000 (MojoExecutor.java:75)
    at org.apache.maven.lifecycle.internal.MojoExecutor$1.run (MojoExecutor.java:162)
    at org.apache.maven.plugin.DefaultMojosExecutionStrategy.execute (DefaultMojosExecutionStrategy.java:39)
    at org.apache.maven.lifecycle.internal.MojoExecutor.execute (MojoExecutor.java:159)
    at org.apache.maven.lifecycle.internal.LifecycleModuleBuilder.buildProject (LifecycleModuleBuilder.java:105)
    at io.takari.maven.builder.smart.SmartBuilderImpl.buildProject (SmartBuilderImpl.java:206)
    at io.takari.maven.builder.smart.SmartBuilderImpl$ProjectBuildTask.run (SmartBuilderImpl.java:71)
    at java.util.concurrent.Executors$RunnableAdapter.call (Executors.java:545)
    at java.util.concurrent.FutureTask.run (FutureTask.java:328)
    at java.util.concurrent.ThreadPoolExecutor.runWorker (ThreadPoolExecutor.java:1090)
    at java.util.concurrent.ThreadPoolExecutor$Worker.run (ThreadPoolExecutor.java:614)
    at java.lang.Thread.run (Thread.java:1474)
Caused by: java.io.IOException: Failed to delete C:\Users\india\Desktop\Projects\Exim-Export\local-signer\target\local-signer-1.0-SNAPSHOT.jar
    at org.apache.maven.plugins.clean.Cleaner.delete (Cleaner.java:348)
    at org.apache.maven.plugins.clean.Cleaner.delete (Cleaner.java:290)
    at org.apache.maven.plugins.clean.Cleaner.delete (Cleaner.java:257)
    at org.apache.maven.plugins.clean.Cleaner.delete (Cleaner.java:137)
    at org.apache.maven.plugins.clean.CleanMojo.execute (CleanMojo.java:267)
    at org.apache.maven.plugin.DefaultBuildPluginManager.executeMojo (DefaultBuildPluginManager.java:126)
    at org.apache.maven.lifecycle.internal.MojoExecutor.doExecute2 (MojoExecutor.java:328)
    at org.apache.maven.lifecycle.internal.MojoExecutor.doExecute (MojoExecutor.java:316)
    at org.apache.maven.lifecycle.internal.MojoExecutor.execute (MojoExecutor.java:212)
    at org.apache.maven.lifecycle.internal.MojoExecutor.execute (MojoExecutor.java:174)
    at org.apache.maven.lifecycle.internal.MojoExecutor.access$000 (MojoExecutor.java:75)
    at org.apache.maven.lifecycle.internal.MojoExecutor$1.run (MojoExecutor.java:162)
    at org.apache.maven.plugin.DefaultMojosExecutionStrategy.execute (DefaultMojosExecutionStrategy.java:39)
    at org.apache.maven.lifecycle.internal.MojoExecutor.execute (MojoExecutor.java:159)
    at org.apache.maven.lifecycle.internal.LifecycleModuleBuilder.buildProject (LifecycleModuleBuilder.java:105)
    at io.takari.maven.builder.smart.SmartBuilderImpl.buildProject (SmartBuilderImpl.java:206)
    at io.takari.maven.builder.smart.SmartBuilderImpl$ProjectBuildTask.run (SmartBuilderImpl.java:71)
    at java.util.concurrent.Executors$RunnableAdapter.call (Executors.java:545)
    at java.util.concurrent.FutureTask.run (FutureTask.java:328)
    at java.util.concurrent.ThreadPoolExecutor.runWorker (ThreadPoolExecutor.java:1090)
    at java.util.concurrent.ThreadPoolExecutor$Worker.run (ThreadPoolExecutor.java:614)
    at java.lang.Thread.run (Thread.java:1474)
[ERROR] 
[ERROR] Re-run Maven using the -X switch to enable full debug logging.
[ERROR] 
[ERROR] For more information about the errors and possible solutions, please read the following articles:
[ERROR] [Help 1] http://cwiki.apache.org/confluence/display/MAVEN/MojoExecutionException
